2025-12-01 12:04:42 INFO  [main] c.m.d.a.g.t.t.k.s.AIGeneratedTweetToKafkaServiceApplication - Starting AIGeneratedTweetToKafkaServiceApplication using Java 25.0.1 with PID 82452 (/Users/Shared/projects/microservices-demo-update-2025-August/microservices-demo/ai-generated-tweet-to-kafka-service/target/classes started by aligelenler in /Users/Shared/projects/microservices-demo-update-2025-August/microservices-demo)
2025-12-01 12:04:42 INFO  [main] c.m.d.a.g.t.t.k.s.AIGeneratedTweetToKafkaServiceApplication - No active profile set, falling back to 1 default profile: "default"
2025-12-01 12:04:43 INFO  [main] o.s.b.w.e.tomcat.TomcatWebServer - Tomcat initialized with port 8080 (http)
2025-12-01 12:04:43 INFO  [main] o.a.coyote.http11.Http11NioProtocol - Initializing ProtocolHandler ["http-nio-8080"]
2025-12-01 12:04:43 INFO  [main] o.a.catalina.core.StandardService - Starting service [Tomcat]
2025-12-01 12:04:43 INFO  [main] o.a.catalina.core.StandardEngine - Starting Servlet engine: [Apache Tomcat/10.1.49]
2025-12-01 12:04:43 INFO  [main] o.a.c.c.C.[Tomcat].[localhost].[/] - Initializing Spring embedded WebApplicationContext
2025-12-01 12:04:43 INFO  [main] o.s.b.w.s.c.ServletWebServerApplicationContext - Root WebApplicationContext: initialization completed in 489 ms
2025-12-01 12:04:43 INFO  [main] o.a.coyote.http11.Http11NioProtocol - Starting ProtocolHandler ["http-nio-8080"]
2025-12-01 12:04:43 INFO  [main] o.s.b.w.e.tomcat.TomcatWebServer - Tomcat started on port 8080 (http) with context path '/'
2025-12-01 12:04:43 INFO  [main] c.m.d.a.g.t.t.k.s.AIGeneratedTweetToKafkaServiceApplication - Started AIGeneratedTweetToKafkaServiceApplication in 1.078 seconds (process running for 1.39)
2025-12-01 12:04:43 INFO  [main] c.m.d.a.g.t.t.k.s.AIGeneratedTweetToKafkaServiceApplication - Application is starting...
2025-12-01 12:04:43 INFO  [main] c.m.d.a.g.t.t.k.s.AIGeneratedTweetToKafkaServiceApplication - Starting AI Stream Runner with fixed rate 30 seconds!
2025-12-01 12:04:45 INFO  [scheduling-1] c.m.d.a.g.t.t.k.s.r.AIStreamRunner - Generated Tweet: {"createdAt":"Fri Oct 06 14:32:25 UTC 2023", "id": 1696583545000, "text": "Building scalable Microservices with Java, Spring, Kafka, and Elasticsearch is exciting!", "user": {"id": 9876543210}}

2025-12-01 12:04:52 INFO  [SpringApplicationShutdownHook] o.s.b.w.e.tomcat.GracefulShutdown - Commencing graceful shutdown. Waiting for active requests to complete
2025-12-01 12:04:52 INFO  [tomcat-shutdown] o.s.b.w.e.tomcat.GracefulShutdown - Graceful shutdown complete
2025-12-01 12:34:48 INFO  [main] c.m.d.a.g.t.t.k.s.AIGeneratedTweetToKafkaServiceApplication - Starting AIGeneratedTweetToKafkaServiceApplication using Java 25.0.1 with PID 2056 (/Users/Shared/projects/microservices-demo-update-2025-August/microservices-demo/ai-generated-tweet-to-kafka-service/target/classes started by aligelenler in /Users/Shared/projects/microservices-demo-update-2025-August/microservices-demo)
2025-12-01 12:34:48 INFO  [main] c.m.d.a.g.t.t.k.s.AIGeneratedTweetToKafkaServiceApplication - No active profile set, falling back to 1 default profile: "default"
2025-12-01 12:34:48 INFO  [main] o.s.b.w.e.tomcat.TomcatWebServer - Tomcat initialized with port 8080 (http)
2025-12-01 12:34:48 INFO  [main] o.a.coyote.http11.Http11NioProtocol - Initializing ProtocolHandler ["http-nio-8080"]
2025-12-01 12:34:48 INFO  [main] o.a.catalina.core.StandardService - Starting service [Tomcat]
2025-12-01 12:34:48 INFO  [main] o.a.catalina.core.StandardEngine - Starting Servlet engine: [Apache Tomcat/10.1.49]
2025-12-01 12:34:48 INFO  [main] o.a.c.c.C.[Tomcat].[localhost].[/] - Initializing Spring embedded WebApplicationContext
2025-12-01 12:34:48 INFO  [main] o.s.b.w.s.c.ServletWebServerApplicationContext - Root WebApplicationContext: initialization completed in 533 ms
2025-12-01 12:34:49 INFO  [main] o.a.coyote.http11.Http11NioProtocol - Starting ProtocolHandler ["http-nio-8080"]
2025-12-01 12:34:49 INFO  [main] o.s.b.w.e.tomcat.TomcatWebServer - Tomcat started on port 8080 (http) with context path '/'
2025-12-01 12:34:49 INFO  [main] c.m.d.a.g.t.t.k.s.AIGeneratedTweetToKafkaServiceApplication - Started AIGeneratedTweetToKafkaServiceApplication in 1.249 seconds (process running for 1.576)
2025-12-01 12:34:49 INFO  [main] c.m.d.a.g.t.t.k.s.AIGeneratedTweetToKafkaServiceApplication - Application is starting...
2025-12-01 12:34:49 INFO  [main] c.m.d.a.g.t.t.k.s.AIGeneratedTweetToKafkaServiceApplication - Starting AI Stream Runner with fixed rate 30 seconds!
2025-12-01 12:34:49 INFO  [scheduling-1] c.m.d.a.g.t.t.k.s.s.g.GoogleGenAIService - Generating tweet using GoogleGenAIService
2025-12-01 12:34:50 INFO  [scheduling-1] c.m.d.a.g.t.t.k.s.r.AIStreamRunner - Generated Tweet: {"createdAt":"Fri Oct 06 14:32:25 UTC 2023","id":9876543210,"text":"Building scalable Microservices with Java, Spring, Kafka, and Elasticsearch is fun!","user":{"id":1234567890}}

2025-12-01 12:35:19 INFO  [scheduling-1] c.m.d.a.g.t.t.k.s.s.g.GoogleGenAIService - Generating tweet using GoogleGenAIService
2025-12-01 12:35:20 INFO  [scheduling-1] c.m.d.a.g.t.t.k.s.r.AIStreamRunner - Generated Tweet: {"createdAt":"Fri Oct 06 14:32:25 UTC 2023", "id":1696581145, "text":"Building scalable Microservices with Java and Spring Boot, leveraging Kafka and Elasticsearch.", "user":{"id":1234567890}}

2025-12-01 12:35:26 INFO  [SpringApplicationShutdownHook] o.s.b.w.e.tomcat.GracefulShutdown - Commencing graceful shutdown. Waiting for active requests to complete
2025-12-01 12:35:26 INFO  [tomcat-shutdown] o.s.b.w.e.tomcat.GracefulShutdown - Graceful shutdown complete
